SLOT MACHINE GAME TUTORIAL - DETAILED NARRATION SCRIPT
===============================================

INTRO:
------
"Hey everyone! Welcome to this tutorial where we'll build an exciting slot machine game using Phaser 3. I'm excited to show you how to create a professional-grade game with spinning reels, win animations, and even debug features. Whether you're a beginner or experienced developer, you'll learn valuable game development techniques. Let's get started!"

SECTION 1: Project Setup
-----------------------
"First, let's set up our development environment. We'll be using Node.js and npm for package management.

Open your terminal and create a new directory for our project:
[Show terminal commands]
'Here, we'll initialize our project with npm init. We need several dependencies, most importantly Phaser 3 for our game engine.'

[While showing package.json]
'Our key dependencies include:
- Phaser 3.15.1 for the game framework
- TypeScript for better code organization
- Webpack for bundling and development
Let me explain why each of these is important for our project...'

[During webpack setup]
'The webpack configuration might look intimidating, but it's crucial for our development workflow. We're setting up:
- Hot reloading for faster development
- Asset management for our game resources
- TypeScript compilation
- Development server configuration'

SECTION 2: Game Assets and Configuration
--------------------------------------
"Now that our environment is ready, let's look at our game assets.

[Showing assets folder]
'We have several key assets for our slot machine:
- Symbol sprites for our reels
- Background and frame images
- UI elements like buttons and paytable
- Sound effects for various game states'

[During game configuration]
'The game configuration is where we set up our canvas size, physics system, and scene management. We'll use 800x600 as our base resolution, but I'll show you how to make it responsive...'

SECTION 3: Building the UI
-------------------------
"The UI is crucial for any slot machine game. Let's build it step by step.

[While creating background]
'We'll start with the main background. Notice how we use the game's coordinate system to position elements. The key is to think in terms of layers...'

[During button creation]
'Interactive buttons need both visual and functional components. We'll add hover states and click handlers. Watch how we implement this feedback system...'

[Paytable implementation]
'The paytable needs to be clear and informative. We'll create it using game objects and add some styling to make it pop...'

SECTION 4: Reel Mechanics
------------------------
"This is where the magic happens - the reel spinning mechanism.

[Creating reel container]
'We'll use a container object to manage our reels. Think of it as a window where symbols will scroll through...'

[Implementing spin animation]
'The spin animation needs to feel smooth and realistic. We'll use tweens with easing functions to create that satisfying slot machine feel. Notice how we calculate the velocity and deceleration...'

SECTION 5: Game Logic
--------------------
"Let's implement the core game mechanics.

[During win detection code]
'Win detection requires careful planning. We'll create a grid system to track symbol positions and check for winning combinations...'

[Implementing scoring]
'The scoring system needs to account for different symbol combinations and multipliers. Here's how we calculate and display wins...'

SECTION 6: Debug Features
------------------------
"Debug features are crucial for testing and development.

[Showing debug panel]
'This debug panel lets us control game outcomes. It's invaluable for testing different scenarios and win combinations...'

[Demonstrating result override]
'Watch how we can manipulate results to test specific combinations. This is particularly useful for testing edge cases...'

SECTION 7: Polish and Optimization
--------------------------------
"Let's add those final touches that make the game feel professional.

[Adding sound effects]
'Sound effects add crucial feedback. We'll implement:
- Reel spinning sounds
- Win celebration effects
- Button click feedback
Notice how we manage the audio pool for better performance...'

[Performance optimization]
'To keep our game running smoothly, we'll implement:
- Texture atlas for better memory management
- Object pooling for particles
- Event cleanup to prevent memory leaks'

CONCLUSION:
----------
"And there you have it - a fully functional slot machine game! We've covered everything from basic setup to advanced features. Remember to test thoroughly, especially the win logic and animations.

If you enjoyed this tutorial, don't forget to like and subscribe for more game development content. The complete source code is available in the description below.

Thanks for watching, and happy coding!"

TRANSITION PHRASES:
-----------------
- "Now that we have X set up, let's move on to Y..."
- "Before we implement X, we need to make sure Y is working..."
- "Let's take a moment to test what we've built so far..."
- "You might be wondering why we did X this way..."
- "A common mistake here would be to..."
- "One important thing to note is..."
- "Let me show you a trick that will save you time..."

EMPHASIS POINTS:
--------------
- Always explain WHY we're implementing something a certain way
- Point out common pitfalls and how to avoid them
- Highlight best practices for game development
- Mention performance implications of different approaches
- Share debugging tips throughout the tutorial
