SLOT MACHINE GAME WITH PHASER 3 - YOUTUBE TUTORIAL SCRIPT
=================================================

INTRO (30 seconds):
-----------------
"Hey everyone! Today we're going to build an exciting slot machine game using Phaser 3. We'll create a fully functional slot machine with spinning reels, win animations, and even debug controls. Let's dive in!"

SECTION 1: Project Setup (3 minutes)
--------------------------------
- Show project structure and dependencies
- Explain package.json configuration
- Walk through webpack setup for Phaser
- Demonstrate how to initialize the development environment
Key points:
* npm init and initial dependencies
* Phaser 3 installation
* Webpack configuration for game development
* TypeScript setup for better code organization

SECTION 2: Game Assets and Configuration (4 minutes)
----------------------------------------------
- Show the assets structure
- Explain the game configuration
- Set up the main game scene
Key points:
* Loading game assets (symbols, background, UI elements)
* Setting up game dimensions and scaling
* Creating the basic scene structure
* Implementing asset preloading

SECTION 3: Building the Slot Machine UI (5 minutes)
---------------------------------------------
- Create the game background
- Add slot machine frame
- Implement the paytable display
- Add spin button and UI controls
Key points:
* Positioning game elements
* Creating interactive buttons
* Implementing the paytable display
* Adding visual feedback for interactions

SECTION 4: Implementing Reel Mechanics (8 minutes)
--------------------------------------------
- Create the reel container
- Add symbol sprites
- Implement spinning animation
- Handle reel stopping logic
Key points:
* Setting up symbol positions
* Creating smooth spinning animations
* Implementing physics-based deceleration
* Handling symbol alignment

SECTION 5: Game Logic and Win Calculations (7 minutes)
-----------------------------------------------
- Implement win line detection
- Add scoring system
- Create win animations
- Implement payout calculation
Key points:
* Win pattern detection algorithms
* Score multiplication based on bet
* Creating engaging win animations
* Implementing the paytable logic

SECTION 6: Debug Features (4 minutes)
--------------------------------
- Add debug controls
- Implement result manipulation
- Show testing features
Key points:
* Debug panel implementation
* Result override functionality
* Testing different winning combinations
* Demonstrating drag-and-drop feature

SECTION 7: Polish and Optimization (4 minutes)
----------------------------------------
- Add sound effects
- Implement particle effects
- Optimize performance
- Add responsive design
Key points:
* Adding appropriate sound effects
* Creating winning celebrations
* Performance optimization tips
* Making the game mobile-friendly

CONCLUSION (2 minutes):
-------------------
- Recap of what we built
- Potential improvements
- Call to action for likes and subscriptions
- Share GitHub repository link

PRODUCTION NOTES:
---------------
1. Total Video Length: ~35-40 minutes
2. Recording Requirements:
   - 1080p minimum resolution
   - Clear microphone audio
   - Code editor with large, readable font
   - Browser window for testing
   
3. Key Transitions:
   - Code → Browser testing
   - Concept diagrams → Implementation
   - Debug mode demonstrations
   
4. Timestamps to Add:
   0:00 - Introduction
   0:30 - Project Setup
   3:30 - Game Assets
   7:30 - UI Building
   12:30 - Reel Mechanics
   20:30 - Game Logic
   27:30 - Debug Features
   31:30 - Polish
   35:30 - Conclusion

5. Video Description Template:
   ```
   Build a Slot Machine Game with Phaser 3! 🎰
   
   In this tutorial, we create a complete slot machine game using Phaser 3 and TypeScript. 
   Learn how to implement:
   ✅ Spinning reels mechanics
   ✅ Win calculations
   ✅ Debug controls
   ✅ Animations and effects
   
   🕒 Timestamps:
   [Add timestamps here]
   
   🔗 Source Code:
   [Add repository link]
   
   #PhaserJS #GameDev #JavaScript #TypeScript #WebDevelopment
   ```

Remember to:
- Show both success and failure scenarios
- Explain common pitfalls and how to avoid them
- Include practical debugging tips
- Demonstrate testing strategies
- Share optimization techniques
